Linked: (/catkin_ws/devel/.private/srrg_proslam/share/srrg_proslam/cmake/srrg_proslamConfig.cmake, /catkin_ws/devel/share/srrg_proslam/cmake/srrg_proslamConfig.cmake)
Linked: (/catkin_ws/devel/.private/srrg_proslam/share/srrg_proslam/cmake/srrg_proslamConfig-version.cmake, /catkin_ws/devel/share/srrg_proslam/cmake/srrg_proslamConfig-version.cmake)
Linked: (/catkin_ws/devel/.private/srrg_proslam/lib/libsrrg_proslam_position_tracking_library.so, /catkin_ws/devel/lib/libsrrg_proslam_position_tracking_library.so)
Linked: (/catkin_ws/devel/.private/srrg_proslam/lib/libsrrg_proslam_visualization_library.so, /catkin_ws/devel/lib/libsrrg_proslam_visualization_library.so)
Linked: (/catkin_ws/devel/.private/srrg_proslam/lib/libLinearLeastSquaresLib.so, /catkin_ws/devel/lib/libLinearLeastSquaresLib.so)
Linked: (/catkin_ws/devel/.private/srrg_proslam/lib/libsrrg_proslam_types_library.so, /catkin_ws/devel/lib/libsrrg_proslam_types_library.so)
Linked: (/catkin_ws/devel/.private/srrg_proslam/lib/libEC_PGO_LIB.so, /catkin_ws/devel/lib/libEC_PGO_LIB.so)
Linked: (/catkin_ws/devel/.private/srrg_proslam/lib/libEC_PGO_FCB_LIB.so, /catkin_ws/devel/lib/libEC_PGO_FCB_LIB.so)
Linked: (/catkin_ws/devel/.private/srrg_proslam/lib/libsrrg_proslam_relocalization_library.so, /catkin_ws/devel/lib/libsrrg_proslam_relocalization_library.so)
Linked: (/catkin_ws/devel/.private/srrg_proslam/lib/libsrrg_proslam_framepoint_generation_library.so, /catkin_ws/devel/lib/libsrrg_proslam_framepoint_generation_library.so)
Linked: (/catkin_ws/devel/.private/srrg_proslam/lib/libsrrg_proslam_aligners_library.so, /catkin_ws/devel/lib/libsrrg_proslam_aligners_library.so)
Linked: (/catkin_ws/devel/.private/srrg_proslam/lib/libsrrg_proslam_map_optimization_library.so, /catkin_ws/devel/lib/libsrrg_proslam_map_optimization_library.so)
Linked: (/catkin_ws/devel/.private/srrg_proslam/lib/libsrrg_proslam_slam_assembly_library.so, /catkin_ws/devel/lib/libsrrg_proslam_slam_assembly_library.so)
Linked: (/catkin_ws/devel/.private/srrg_proslam/lib/pkgconfig/srrg_proslam.pc, /catkin_ws/devel/lib/pkgconfig/srrg_proslam.pc)
Linked: (/catkin_ws/devel/.private/srrg_proslam/lib/srrg_proslam/EC_PGO, /catkin_ws/devel/lib/srrg_proslam/EC_PGO)
Linked: (/catkin_ws/devel/.private/srrg_proslam/lib/srrg_proslam/incre_MCB, /catkin_ws/devel/lib/srrg_proslam/incre_MCB)
Linked: (/catkin_ws/devel/.private/srrg_proslam/lib/srrg_proslam/EC_PGO_FCB, /catkin_ws/devel/lib/srrg_proslam/EC_PGO_FCB)
Linked: (/catkin_ws/devel/.private/srrg_proslam/lib/srrg_proslam/app, /catkin_ws/devel/lib/srrg_proslam/app)
Linked: (/catkin_ws/devel/.private/srrg_proslam/lib/srrg_proslam/trajectory_analyzer, /catkin_ws/devel/lib/srrg_proslam/trajectory_analyzer)
Linked: (/catkin_ws/devel/.private/srrg_proslam/lib/srrg_proslam/TestLeastSquares, /catkin_ws/devel/lib/srrg_proslam/TestLeastSquares)
