Determining if the pthread_create exist failed with the following output:
Change Dir: /catkin_ws/build/srrg_cmake_modules/CMakeFiles/CMakeTmp

Run Build Command:"/usr/bin/make" "cmTC_faa13/fast"
/usr/bin/make -f CMakeFiles/cmTC_faa13.dir/build.make CMakeFiles/cmTC_faa13.dir/build
make[1]: Entering directory '/catkin_ws/build/srrg_cmake_modules/CMakeFiles/CMakeTmp'
Building C object CMakeFiles/cmTC_faa13.dir/CheckSymbolExists.c.o
/usr/bin/cc    -o CMakeFiles/cmTC_faa13.dir/CheckSymbolExists.c.o   -c /catkin_ws/build/srrg_cmake_modules/CMakeFiles/CMakeTmp/CheckSymbolExists.c
Linking C executable cmTC_faa13
/usr/bin/cmake -E cmake_link_script CMakeFiles/cmTC_faa13.dir/link.txt --verbose=1
/usr/bin/cc      -rdynamic CMakeFiles/cmTC_faa13.dir/CheckSymbolExists.c.o  -o cmTC_faa13 
CMakeFiles/cmTC_faa13.dir/CheckSymbolExists.c.o: In function `main':
CheckSymbolExists.c:(.text+0x1b): undefined reference to `pthread_create'
collect2: error: ld returned 1 exit status
CMakeFiles/cmTC_faa13.dir/build.make:97: recipe for target 'cmTC_faa13' failed
make[1]: *** [cmTC_faa13] Error 1
make[1]: Leaving directory '/catkin_ws/build/srrg_cmake_modules/CMakeFiles/CMakeTmp'
Makefile:126: recipe for target 'cmTC_faa13/fast' failed
make: *** [cmTC_faa13/fast] Error 2

File /catkin_ws/build/srrg_cmake_modules/CMakeFiles/CMakeTmp/CheckSymbolExists.c:
/* */
#include <pthread.h>

int main(int argc, char** argv)
{
  (void)argv;
#ifndef pthread_create
  return ((int*)(&pthread_create))[argc];
#else
  (void)argc;
  return 0;
#endif
}

Determining if the function pthread_create exists in the pthreads failed with the following output:
Change Dir: /catkin_ws/build/srrg_cmake_modules/CMakeFiles/CMakeTmp

Run Build Command:"/usr/bin/make" "cmTC_c52dd/fast"
/usr/bin/make -f CMakeFiles/cmTC_c52dd.dir/build.make CMakeFiles/cmTC_c52dd.dir/build
make[1]: Entering directory '/catkin_ws/build/srrg_cmake_modules/CMakeFiles/CMakeTmp'
Building C object CMakeFiles/cmTC_c52dd.dir/CheckFunctionExists.c.o
/usr/bin/cc   -DCHECK_FUNCTION_EXISTS=pthread_create   -o CMakeFiles/cmTC_c52dd.dir/CheckFunctionExists.c.o   -c /usr/share/cmake-3.10/Modules/CheckFunctionExists.c
Linking C executable cmTC_c52dd
/usr/bin/cmake -E cmake_link_script CMakeFiles/cmTC_c52dd.dir/link.txt --verbose=1
/usr/bin/cc  -DCHECK_FUNCTION_EXISTS=pthread_create    -rdynamic CMakeFiles/cmTC_c52dd.dir/CheckFunctionExists.c.o  -o cmTC_c52dd -lpthreads 
/usr/bin/ld: cannot find -lpthreads
collect2: error: ld returned 1 exit status
CMakeFiles/cmTC_c52dd.dir/build.make:97: recipe for target 'cmTC_c52dd' failed
make[1]: *** [cmTC_c52dd] Error 1
make[1]: Leaving directory '/catkin_ws/build/srrg_cmake_modules/CMakeFiles/CMakeTmp'
Makefile:126: recipe for target 'cmTC_c52dd/fast' failed
make: *** [cmTC_c52dd/fast] Error 2


