Linked: (/catkin_ws/devel/.private/srrg_core/share/srrg_core/cmake/srrg_coreConfig.cmake, /catkin_ws/devel/share/srrg_core/cmake/srrg_coreConfig.cmake)
Linked: (/catkin_ws/devel/.private/srrg_core/share/srrg_core/cmake/srrg_coreConfig-version.cmake, /catkin_ws/devel/share/srrg_core/cmake/srrg_coreConfig-version.cmake)
Linked: (/catkin_ws/devel/.private/srrg_core/lib/libsrrg_core_types_library.so, /catkin_ws/devel/lib/libsrrg_core_types_library.so)
Linked: (/catkin_ws/devel/.private/srrg_core/lib/libsrrg_messages_library.so, /catkin_ws/devel/lib/libsrrg_messages_library.so)
Linked: (/catkin_ws/devel/.private/srrg_core/lib/libsrrg_image_utils_library.so, /catkin_ws/devel/lib/libsrrg_image_utils_library.so)
Linked: (/catkin_ws/devel/.private/srrg_core/lib/libsrrg_system_utils_library.so, /catkin_ws/devel/lib/libsrrg_system_utils_library.so)
Linked: (/catkin_ws/devel/.private/srrg_core/lib/libsrrg_boss_library.so, /catkin_ws/devel/lib/libsrrg_boss_library.so)
Linked: (/catkin_ws/devel/.private/srrg_core/lib/libsrrg_path_map_library.so, /catkin_ws/devel/lib/libsrrg_path_map_library.so)
Linked: (/catkin_ws/devel/.private/srrg_core/lib/srrg_core/dijkstra_test, /catkin_ws/devel/lib/srrg_core/dijkstra_test)
Linked: (/catkin_ws/devel/.private/srrg_core/lib/srrg_core/srrg_trajectory_saver_example, /catkin_ws/devel/lib/srrg_core/srrg_trajectory_saver_example)
Linked: (/catkin_ws/devel/.private/srrg_core/lib/srrg_core/clusterer_test, /catkin_ws/devel/lib/srrg_core/clusterer_test)
Linked: (/catkin_ws/devel/.private/srrg_core/lib/srrg_core/distance_map_test, /catkin_ws/devel/lib/srrg_core/distance_map_test)
Linked: (/catkin_ws/devel/.private/srrg_core/lib/srrg_core/srrg_bresenham_example_app, /catkin_ws/devel/lib/srrg_core/srrg_bresenham_example_app)
Linked: (/catkin_ws/devel/.private/srrg_core/lib/srrg_core/srrg_open_file_example_app, /catkin_ws/devel/lib/srrg_core/srrg_open_file_example_app)
Linked: (/catkin_ws/devel/.private/srrg_core/lib/srrg_core/visual_tracker_optical_flow, /catkin_ws/devel/lib/srrg_core/visual_tracker_optical_flow)
Linked: (/catkin_ws/devel/.private/srrg_core/lib/srrg_core/srrg_open_boss_file_example_app, /catkin_ws/devel/lib/srrg_core/srrg_open_boss_file_example_app)
Linked: (/catkin_ws/devel/.private/srrg_core/lib/srrg_core/srrg_trajectory_saver_example_app, /catkin_ws/devel/lib/srrg_core/srrg_trajectory_saver_example_app)
Linked: (/catkin_ws/devel/.private/srrg_core/lib/srrg_core/triangulator_mono_least_squares, /catkin_ws/devel/lib/srrg_core/triangulator_mono_least_squares)
Linked: (/catkin_ws/devel/.private/srrg_core/lib/srrg_core/srrg_remove_odometry_offset_example_app, /catkin_ws/devel/lib/srrg_core/srrg_remove_odometry_offset_example_app)
Linked: (/catkin_ws/devel/.private/srrg_core/lib/srrg_core/srrg_message_converter_kitti_app, /catkin_ws/devel/lib/srrg_core/srrg_message_converter_kitti_app)
Linked: (/catkin_ws/devel/.private/srrg_core/lib/srrg_core/triangulator_stereo, /catkin_ws/devel/lib/srrg_core/triangulator_stereo)
Linked: (/catkin_ws/devel/.private/srrg_core/lib/srrg_core/srrg_kdtree_example, /catkin_ws/devel/lib/srrg_core/srrg_kdtree_example)
Linked: (/catkin_ws/devel/.private/srrg_core/lib/srrg_core/srrg_message_converter_euroc_app, /catkin_ws/devel/lib/srrg_core/srrg_message_converter_euroc_app)
Linked: (/catkin_ws/devel/.private/srrg_core/lib/srrg_core/srrg_message_groundtruther_tum_app, /catkin_ws/devel/lib/srrg_core/srrg_message_groundtruther_tum_app)
Linked: (/catkin_ws/devel/.private/srrg_core/lib/srrg_core/visual_tracker, /catkin_ws/devel/lib/srrg_core/visual_tracker)
Linked: (/catkin_ws/devel/.private/srrg_core/lib/srrg_core/triangulator_mono_average, /catkin_ws/devel/lib/srrg_core/triangulator_mono_average)
Linked: (/catkin_ws/devel/.private/srrg_core/lib/srrg_core/srrg_message_sorter_app, /catkin_ws/devel/lib/srrg_core/srrg_message_sorter_app)
Linked: (/catkin_ws/devel/.private/srrg_core/lib/srrg_core/srrg_message_synchronizer_example, /catkin_ws/devel/lib/srrg_core/srrg_message_synchronizer_example)
Linked: (/catkin_ws/devel/.private/srrg_core/lib/srrg_core/srrg_kitti_evaluate_odometry_app, /catkin_ws/devel/lib/srrg_core/srrg_kitti_evaluate_odometry_app)
Linked: (/catkin_ws/devel/.private/srrg_core/lib/pkgconfig/srrg_core.pc, /catkin_ws/devel/lib/pkgconfig/srrg_core.pc)
