[35m[1mScanning dependencies of target triangulator_stereo[0m
[35m[1mScanning dependencies of target visual_tracker_optical_flow[0m
[35m[1mScanning dependencies of target srrg_system_utils_library[0m
[35m[1mScanning dependencies of target visual_tracker[0m
[35m[1mScanning dependencies of target srrg_path_map_library[0m
[35m[1mScanning dependencies of target srrg_boss_library[0m
[  3%] [32mBuilding CXX object src/applications/CMakeFiles/visual_tracker_optical_flow.dir/visual_tracker_optical_flow.cpp.o[0m
[  3%] [32mBuilding CXX object src/applications/CMakeFiles/visual_tracker.dir/visual_tracker.cpp.o[0m
[  3%] [32mBuilding CXX object src/srrg_system_utils/CMakeFiles/srrg_system_utils_library.dir/system_utils.cpp.o[0m
[  4%] [32mBuilding CXX object src/applications/CMakeFiles/triangulator_stereo.dir/triangulator_stereo.cpp.o[0m
[  4%] [32mBuilding CXX object src/srrg_boss/CMakeFiles/srrg_boss_library.dir/bidirectional_serializer.cpp.o[0m
[  5%] [32mBuilding CXX object src/srrg_boss/CMakeFiles/srrg_boss_library.dir/deserializer.cpp.o[0m
[  7%] [32mBuilding CXX object src/srrg_boss/CMakeFiles/srrg_boss_library.dir/blob.cpp.o[0m
[  7%] [32mBuilding CXX object src/srrg_boss/CMakeFiles/srrg_boss_library.dir/identifiable.cpp.o[0m
[  8%] [32mBuilding CXX object src/srrg_boss/CMakeFiles/srrg_boss_library.dir/id_context.cpp.o[0m
[ 10%] [32mBuilding CXX object src/srrg_boss/CMakeFiles/srrg_boss_library.dir/id_placeholder.cpp.o[0m
[ 11%] [32mBuilding CXX object src/srrg_boss/CMakeFiles/srrg_boss_library.dir/json_object_writer.cpp.o[0m
[ 12%] [32mBuilding CXX object src/srrg_boss/CMakeFiles/srrg_boss_library.dir/object_writer.cpp.o[0m
[ 13%] [32mBuilding CXX object src/srrg_boss/CMakeFiles/srrg_boss_library.dir/serializer.cpp.o[0m
[ 14%] [32mBuilding CXX object src/srrg_boss/CMakeFiles/srrg_boss_library.dir/stream.cpp.o[0m
[ 15%] [32mBuilding CXX object src/srrg_boss/CMakeFiles/srrg_boss_library.dir/json_recursive_object_parser.cpp.o[0m
[ 16%] [32mBuilding CXX object src/srrg_boss/CMakeFiles/srrg_boss_library.dir/object_data.cpp.o[0m
[ 16%] [32mBuilding CXX object src/srrg_boss/CMakeFiles/srrg_boss_library.dir/object_parser.cpp.o[0m
[ 18%] [32mBuilding CXX object src/srrg_boss/CMakeFiles/srrg_boss_library.dir/serialization_context.cpp.o[0m
[ 18%] [32mBuilding CXX object src/srrg_boss/CMakeFiles/srrg_boss_library.dir/serializable.cpp.o[0m
[ 21%] [32mBuilding CXX object src/srrg_path_map/CMakeFiles/srrg_path_map_library.dir/path_map.cpp.o[0m
[ 21%] [32mBuilding CXX object src/srrg_path_map/CMakeFiles/srrg_path_map_library.dir/path_map_utils.cpp.o[0m
[ 22%] [32mBuilding CXX object src/srrg_path_map/CMakeFiles/srrg_path_map_library.dir/base_path_search.cpp.o[0m
[ 23%] [32mBuilding CXX object src/srrg_path_map/CMakeFiles/srrg_path_map_library.dir/distance_map_path_search.cpp.o[0m
[ 24%] [32mBuilding CXX object src/srrg_path_map/CMakeFiles/srrg_path_map_library.dir/dijkstra_path_search.cpp.o[0m
[ 25%] [32mBuilding CXX object src/srrg_path_map/CMakeFiles/srrg_path_map_library.dir/clusterer_path_search.cpp.o[0m
[ 26%] [32m[1mLinking CXX shared library /catkin_ws/devel/.private/srrg_core/lib/libsrrg_system_utils_library.so[0m
[ 26%] Built target srrg_system_utils_library
[35m[1mScanning dependencies of target srrg_kitti_evaluate_odometry_app[0m
[35m[1mScanning dependencies of target srrg_kdtree_example[0m
[ 27%] [32mBuilding CXX object src/applications/CMakeFiles/srrg_kitti_evaluate_odometry_app.dir/srrg_kitti_evaluate_odometry_app.cpp.o[0m
[ 28%] [32mBuilding CXX object src/examples/CMakeFiles/srrg_kdtree_example.dir/srrg_kdtree_example.cpp.o[0m
[ 30%] [32m[1mLinking CXX executable /catkin_ws/devel/.private/srrg_core/lib/srrg_core/visual_tracker[0m
[ 31%] [32m[1mLinking CXX executable /catkin_ws/devel/.private/srrg_core/lib/srrg_core/srrg_kitti_evaluate_odometry_app[0m
[ 31%] Built target srrg_kitti_evaluate_odometry_app
[ 32%] [32m[1mLinking CXX executable /catkin_ws/devel/.private/srrg_core/lib/srrg_core/visual_tracker_optical_flow[0m
[ 32%] Built target visual_tracker
[ 32%] Built target visual_tracker_optical_flow
[ 33%] [32m[1mLinking CXX executable /catkin_ws/devel/.private/srrg_core/lib/srrg_core/srrg_kdtree_example[0m
[ 33%] Built target srrg_kdtree_example
[ 34%] [32m[1mLinking CXX executable /catkin_ws/devel/.private/srrg_core/lib/srrg_core/triangulator_stereo[0m
[ 34%] Built target triangulator_stereo
[ 35%] [32m[1mLinking CXX shared library /catkin_ws/devel/.private/srrg_core/lib/libsrrg_path_map_library.so[0m
[ 35%] Built target srrg_path_map_library
[ 36%] [32m[1mLinking CXX shared library /catkin_ws/devel/.private/srrg_core/lib/libsrrg_boss_library.so[0m
[35m[1mScanning dependencies of target clusterer_test[0m
[35m[1mScanning dependencies of target distance_map_test[0m
[35m[1mScanning dependencies of target dijkstra_test[0m
[ 38%] [32mBuilding CXX object src/srrg_path_map/CMakeFiles/clusterer_test.dir/clusterer_test.cpp.o[0m
[ 38%] [32mBuilding CXX object src/srrg_path_map/CMakeFiles/distance_map_test.dir/distance_map_test.cpp.o[0m
[ 38%] [32mBuilding CXX object src/srrg_path_map/CMakeFiles/dijkstra_test.dir/dijkstra_test.cpp.o[0m
[ 38%] Built target srrg_boss_library
[35m[1mScanning dependencies of target srrg_core_types_library[0m
[ 44%] [32mBuilding CXX object src/srrg_types/CMakeFiles/srrg_core_types_library.dir/pinhole_camera_info.cpp.o[0m
[ 44%] [32mBuilding CXX object src/srrg_types/CMakeFiles/srrg_core_types_library.dir/cloud_3d.cpp.o[0m
[ 44%] [32mBuilding CXX object src/srrg_types/CMakeFiles/srrg_core_types_library.dir/spherical_camera_info.cpp.o[0m
[ 44%] [32mBuilding CXX object src/srrg_types/CMakeFiles/srrg_core_types_library.dir/image_data.cpp.o[0m
[ 44%] [32mBuilding CXX object src/srrg_types/CMakeFiles/srrg_core_types_library.dir/base_camera_info.cpp.o[0m
[ 46%] [32mBuilding CXX object src/srrg_types/CMakeFiles/srrg_core_types_library.dir/camera_info_manager.cpp.o[0m
[ 46%] [32mBuilding CXX object src/srrg_types/CMakeFiles/srrg_core_types_library.dir/multi_camera_info.cpp.o[0m
[ 47%] [32mBuilding CXX object src/srrg_types/CMakeFiles/srrg_core_types_library.dir/traversability_map.cpp.o[0m
[ 48%] [32m[1mLinking CXX executable /catkin_ws/devel/.private/srrg_core/lib/srrg_core/distance_map_test[0m
[ 50%] [32m[1mLinking CXX executable /catkin_ws/devel/.private/srrg_core/lib/srrg_core/clusterer_test[0m
[ 50%] Built target distance_map_test
[ 50%] Built target clusterer_test
[ 51%] [32m[1mLinking CXX executable /catkin_ws/devel/.private/srrg_core/lib/srrg_core/dijkstra_test[0m
[ 51%] Built target dijkstra_test
[ 51%] [32m[1mLinking CXX shared library /catkin_ws/devel/.private/srrg_core/lib/libsrrg_core_types_library.so[0m
[ 51%] Built target srrg_core_types_library
[35m[1mScanning dependencies of target srrg_image_utils_library[0m
[35m[1mScanning dependencies of target srrg_messages_library[0m
[ 53%] [32mBuilding CXX object src/srrg_image_utils/CMakeFiles/srrg_image_utils_library.dir/depth_utils.cpp.o[0m
[ 53%] [32mBuilding CXX object src/srrg_image_utils/CMakeFiles/srrg_image_utils_library.dir/point_image_utils.cpp.o[0m
[ 54%] [32mBuilding CXX object src/srrg_image_utils/CMakeFiles/srrg_image_utils_library.dir/bresenham.cpp.o[0m
[ 58%] [32mBuilding CXX object src/srrg_messages/CMakeFiles/srrg_messages_library.dir/base_sensor_message.cpp.o[0m
[ 58%] [32mBuilding CXX object src/srrg_messages/CMakeFiles/srrg_messages_library.dir/base_message.cpp.o[0m
[ 58%] [32mBuilding CXX object src/srrg_messages/CMakeFiles/srrg_messages_library.dir/base_image_message.cpp.o[0m
[ 58%] [32mBuilding CXX object src/srrg_messages/CMakeFiles/srrg_messages_library.dir/imu_message.cpp.o[0m
[ 61%] [32mBuilding CXX object src/srrg_messages/CMakeFiles/srrg_messages_library.dir/pinhole_image_message.cpp.o[0m
[ 61%] [32mBuilding CXX object src/srrg_messages/CMakeFiles/srrg_messages_library.dir/message_reader.cpp.o[0m
[ 63%] [32mBuilding CXX object src/srrg_messages/CMakeFiles/srrg_messages_library.dir/message_writer.cpp.o[0m
[ 63%] [32mBuilding CXX object src/srrg_messages/CMakeFiles/srrg_messages_library.dir/joint_state_message.cpp.o[0m
[ 64%] [32mBuilding CXX object src/srrg_messages/CMakeFiles/srrg_messages_library.dir/laser_message.cpp.o[0m
[ 65%] [32mBuilding CXX object src/srrg_messages/CMakeFiles/srrg_messages_library.dir/pose_message.cpp.o[0m
[ 66%] [32mBuilding CXX object src/srrg_messages/CMakeFiles/srrg_messages_library.dir/message_dumper_trigger.cpp.o[0m
[ 66%] [32mBuilding CXX object src/srrg_messages/CMakeFiles/srrg_messages_library.dir/message_enlister_trigger.cpp.o[0m
[ 67%] [32mBuilding CXX object src/srrg_messages/CMakeFiles/srrg_messages_library.dir/message_factory.cpp.o[0m
[ 67%] [32mBuilding CXX object src/srrg_messages/CMakeFiles/srrg_messages_library.dir/sensor_message_sorter.cpp.o[0m
[ 68%] [32mBuilding CXX object src/srrg_messages/CMakeFiles/srrg_messages_library.dir/static_transform_message.cpp.o[0m
[ 72%] [32mBuilding CXX object src/srrg_messages/CMakeFiles/srrg_messages_library.dir/message_seq_synchronizer.cpp.o[0m
[ 71%] [32mBuilding CXX object src/srrg_messages/CMakeFiles/srrg_messages_library.dir/message_timestamp_synchronizer.cpp.o[0m
[ 72%] [32mBuilding CXX object src/srrg_messages/CMakeFiles/srrg_messages_library.dir/spherical_image_message.cpp.o[0m
[ 73%] [32mBuilding CXX object src/srrg_messages/CMakeFiles/srrg_messages_library.dir/static_transform_tree.cpp.o[0m
[ 74%] [32mBuilding CXX object src/srrg_messages/CMakeFiles/srrg_messages_library.dir/property.cpp.o[0m
[ 75%] [32mBuilding CXX object src/srrg_messages/CMakeFiles/srrg_messages_library.dir/tf_overrider_trigger.cpp.o[0m
[01m[K/catkin_ws/src/srrg_core/src/srrg_messages/sensor_message_sorter.cpp:[m[K In destructor '[01m[Kvirtual srrg_core::SensorMessageSorter::Trigger::~Trigger()[m[K':
[01m[K/catkin_ws/src/srrg_core/src/srrg_messages/sensor_message_sorter.cpp:18:49:[m[K [01;35m[Kwarning: [m[Kthrow will always call terminate() [[01;35m[K-Wterminate[m[K]
       throw std::runtime_error("error in delete"[01;35m[K)[m[K;
                                                 [01;35m[K^[m[K
[01m[K/catkin_ws/src/srrg_core/src/srrg_messages/sensor_message_sorter.cpp:18:49:[m[K [01;36m[Knote: [m[Kin C++11 destructors default to noexcept
[ 76%] [32m[1mLinking CXX shared library /catkin_ws/devel/.private/srrg_core/lib/libsrrg_image_utils_library.so[0m
[ 76%] Built target srrg_image_utils_library
[35m[1mScanning dependencies of target srrg_bresenham_example_app[0m
[ 77%] [32mBuilding CXX object src/examples/CMakeFiles/srrg_bresenham_example_app.dir/srrg_bresenham_example_app.cpp.o[0m
[ 78%] [32m[1mLinking CXX shared library /catkin_ws/devel/.private/srrg_core/lib/libsrrg_messages_library.so[0m
[ 78%] Built target srrg_messages_library
[35m[1mScanning dependencies of target srrg_message_sorter_app[0m
[35m[1mScanning dependencies of target srrg_open_file_example_app[0m
[35m[1mScanning dependencies of target srrg_open_boss_file_example_app[0m
[35m[1mScanning dependencies of target srrg_remove_odometry_offset_example_app[0m
[35m[1mScanning dependencies of target srrg_message_synchronizer_example[0m
[35m[1mScanning dependencies of target srrg_trajectory_saver_example_app[0m
[35m[1mScanning dependencies of target srrg_message_groundtruther_tum_app[0m
[35m[1mScanning dependencies of target srrg_trajectory_saver_example[0m
[35m[1mScanning dependencies of target srrg_message_converter_euroc_app[0m
[35m[1mScanning dependencies of target srrg_message_converter_kitti_app[0m
[35m[1mScanning dependencies of target triangulator_mono_average[0m
[35m[1mScanning dependencies of target triangulator_mono_least_squares[0m
[ 81%] [32mBuilding CXX object src/applications/CMakeFiles/srrg_message_sorter_app.dir/srrg_message_sorter_app.cpp.o[0m
[ 81%] [32mBuilding CXX object src/examples/CMakeFiles/srrg_trajectory_saver_example_app.dir/srrg_trajectory_saver_example_app.cpp.o[0m
[ 81%] [32mBuilding CXX object src/examples/CMakeFiles/srrg_remove_odometry_offset_example_app.dir/srrg_remove_odometry_offset_example_app.cpp.o[0m
[ 81%] [32mBuilding CXX object src/examples/CMakeFiles/srrg_message_synchronizer_example.dir/srrg_message_synchronizer_example.cpp.o[0m
[ 82%] [32mBuilding CXX object src/applications/CMakeFiles/srrg_message_groundtruther_tum_app.dir/srrg_message_groundtruther_tum_app.cpp.o[0m
[ 83%] [32mBuilding CXX object src/examples/CMakeFiles/srrg_open_boss_file_example_app.dir/srrg_open_boss_file_example_app.cpp.o[0m
[ 83%] [32mBuilding CXX object src/examples/CMakeFiles/srrg_open_file_example_app.dir/srrg_open_file_example_app.cpp.o[0m
[ 83%] [32mBuilding CXX object src/applications/CMakeFiles/srrg_message_converter_euroc_app.dir/srrg_message_converter_euroc_app.cpp.o[0m
[ 84%] [32mBuilding CXX object src/applications/CMakeFiles/triangulator_mono_least_squares.dir/triangulator_mono_least_squares.cpp.o[0m
[ 85%] [32mBuilding CXX object src/applications/CMakeFiles/srrg_message_converter_kitti_app.dir/srrg_message_converter_kitti_app.cpp.o[0m
[ 86%] [32mBuilding CXX object src/examples/CMakeFiles/srrg_trajectory_saver_example.dir/srrg_trajectory_saver_example.cpp.o[0m
[ 87%] [32mBuilding CXX object src/applications/CMakeFiles/triangulator_mono_average.dir/triangulator_mono_average.cpp.o[0m
[ 88%] [32m[1mLinking CXX executable /catkin_ws/devel/.private/srrg_core/lib/srrg_core/srrg_trajectory_saver_example_app[0m
[ 88%] Built target srrg_trajectory_saver_example_app
[ 88%] [32m[1mLinking CXX executable /catkin_ws/devel/.private/srrg_core/lib/srrg_core/srrg_bresenham_example_app[0m
[ 90%] [32m[1mLinking CXX executable /catkin_ws/devel/.private/srrg_core/lib/srrg_core/srrg_trajectory_saver_example[0m
[ 90%] Built target srrg_bresenham_example_app
[ 90%] Built target srrg_trajectory_saver_example
[ 91%] [32m[1mLinking CXX executable /catkin_ws/devel/.private/srrg_core/lib/srrg_core/srrg_open_boss_file_example_app[0m
[ 92%] [32m[1mLinking CXX executable /catkin_ws/devel/.private/srrg_core/lib/srrg_core/srrg_message_sorter_app[0m
[ 93%] [32m[1mLinking CXX executable /catkin_ws/devel/.private/srrg_core/lib/srrg_core/srrg_message_synchronizer_example[0m
[ 94%] [32m[1mLinking CXX executable /catkin_ws/devel/.private/srrg_core/lib/srrg_core/srrg_message_groundtruther_tum_app[0m
[ 94%] Built target srrg_open_boss_file_example_app
[ 94%] Built target srrg_message_sorter_app
[ 94%] Built target srrg_message_synchronizer_example
[ 94%] Built target srrg_message_groundtruther_tum_app
[ 95%] [32m[1mLinking CXX executable /catkin_ws/devel/.private/srrg_core/lib/srrg_core/srrg_remove_odometry_offset_example_app[0m
[ 95%] Built target srrg_remove_odometry_offset_example_app
[ 96%] [32m[1mLinking CXX executable /catkin_ws/devel/.private/srrg_core/lib/srrg_core/srrg_open_file_example_app[0m
[ 96%] Built target srrg_open_file_example_app
[ 97%] [32m[1mLinking CXX executable /catkin_ws/devel/.private/srrg_core/lib/srrg_core/srrg_message_converter_kitti_app[0m
[ 98%] [32m[1mLinking CXX executable /catkin_ws/devel/.private/srrg_core/lib/srrg_core/srrg_message_converter_euroc_app[0m
[ 98%] Built target srrg_message_converter_kitti_app
[ 98%] Built target srrg_message_converter_euroc_app
[100%] [32m[1mLinking CXX executable /catkin_ws/devel/.private/srrg_core/lib/srrg_core/triangulator_mono_least_squares[0m
[100%] Built target triangulator_mono_least_squares
[100%] [32m[1mLinking CXX executable /catkin_ws/devel/.private/srrg_core/lib/srrg_core/triangulator_mono_average[0m
[100%] Built target triangulator_mono_average
