[  2%] Built target srrg_system_utils_library
[ 17%] Built target srrg_boss_library
[ 24%] Built target triangulator_stereo
[ 24%] Built target visual_tracker
[ 24%] Built target visual_tracker_optical_flow
[ 32%] Built target srrg_path_map_library
[ 34%] Built target srrg_kitti_evaluate_odometry_app
[ 36%] Built target srrg_kdtree_example
[ 45%] Built target srrg_core_types_library
[ 47%] Built target distance_map_test
[ 50%] Built target clusterer_test
[ 51%] Built target dijkstra_test
[ 55%] Built target srrg_image_utils_library
[ 77%] Built target srrg_messages_library
[ 78%] Built target srrg_bresenham_example_app
[ 80%] Built target srrg_message_converter_euroc_app
[ 83%] Built target triangulator_mono_average
[ 83%] Built target srrg_trajectory_saver_example
[ 84%] Built target srrg_message_synchronizer_example
[ 86%] Built target srrg_message_groundtruther_tum_app
[ 92%] Built target srrg_open_file_example_app
[ 94%] Built target srrg_message_converter_kitti_app
[ 93%] Built target triangulator_mono_least_squares
[ 94%] Built target srrg_trajectory_saver_example_app
[ 97%] Built target srrg_remove_odometry_offset_example_app
[ 97%] Built target srrg_message_sorter_app
[100%] Built target srrg_open_boss_file_example_app
