Determining if the pthread_create exist failed with the following output:
Change Dir: /catkin_ws/build/srrg_proslam/CMakeFiles/CMakeTmp

Run Build Command:"/usr/bin/make" "cmTC_84a8f/fast"
/usr/bin/make -f CMakeFiles/cmTC_84a8f.dir/build.make CMakeFiles/cmTC_84a8f.dir/build
make[1]: Entering directory '/catkin_ws/build/srrg_proslam/CMakeFiles/CMakeTmp'
Building C object CMakeFiles/cmTC_84a8f.dir/CheckSymbolExists.c.o
/usr/bin/cc    -o CMakeFiles/cmTC_84a8f.dir/CheckSymbolExists.c.o   -c /catkin_ws/build/srrg_proslam/CMakeFiles/CMakeTmp/CheckSymbolExists.c
Linking C executable cmTC_84a8f
/usr/bin/cmake -E cmake_link_script CMakeFiles/cmTC_84a8f.dir/link.txt --verbose=1
/usr/bin/cc      -rdynamic CMakeFiles/cmTC_84a8f.dir/CheckSymbolExists.c.o  -o cmTC_84a8f 
CMakeFiles/cmTC_84a8f.dir/CheckSymbolExists.c.o: In function `main':
CheckSymbolExists.c:(.text+0x1b): undefined reference to `pthread_create'
collect2: error: ld returned 1 exit status
CMakeFiles/cmTC_84a8f.dir/build.make:97: recipe for target 'cmTC_84a8f' failed
make[1]: *** [cmTC_84a8f] Error 1
make[1]: Leaving directory '/catkin_ws/build/srrg_proslam/CMakeFiles/CMakeTmp'
Makefile:126: recipe for target 'cmTC_84a8f/fast' failed
make: *** [cmTC_84a8f/fast] Error 2

File /catkin_ws/build/srrg_proslam/CMakeFiles/CMakeTmp/CheckSymbolExists.c:
/* */
#include <pthread.h>

int main(int argc, char** argv)
{
  (void)argv;
#ifndef pthread_create
  return ((int*)(&pthread_create))[argc];
#else
  (void)argc;
  return 0;
#endif
}

Determining if the function pthread_create exists in the pthreads failed with the following output:
Change Dir: /catkin_ws/build/srrg_proslam/CMakeFiles/CMakeTmp

Run Build Command:"/usr/bin/make" "cmTC_802fd/fast"
/usr/bin/make -f CMakeFiles/cmTC_802fd.dir/build.make CMakeFiles/cmTC_802fd.dir/build
make[1]: Entering directory '/catkin_ws/build/srrg_proslam/CMakeFiles/CMakeTmp'
Building C object CMakeFiles/cmTC_802fd.dir/CheckFunctionExists.c.o
/usr/bin/cc   -DCHECK_FUNCTION_EXISTS=pthread_create   -o CMakeFiles/cmTC_802fd.dir/CheckFunctionExists.c.o   -c /usr/share/cmake-3.10/Modules/CheckFunctionExists.c
Linking C executable cmTC_802fd
/usr/bin/cmake -E cmake_link_script CMakeFiles/cmTC_802fd.dir/link.txt --verbose=1
/usr/bin/cc  -DCHECK_FUNCTION_EXISTS=pthread_create    -rdynamic CMakeFiles/cmTC_802fd.dir/CheckFunctionExists.c.o  -o cmTC_802fd -lpthreads 
/usr/bin/ld: cannot find -lpthreads
collect2: error: ld returned 1 exit status
CMakeFiles/cmTC_802fd.dir/build.make:97: recipe for target 'cmTC_802fd' failed
make[1]: *** [cmTC_802fd] Error 1
make[1]: Leaving directory '/catkin_ws/build/srrg_proslam/CMakeFiles/CMakeTmp'
Makefile:126: recipe for target 'cmTC_802fd/fast' failed
make: *** [cmTC_802fd/fast] Error 2


